Dataset: nq
+---------+--------+------------+----------------------+---------------+-----------------------+--------------------------+-------------------+---------------------------+-----------------+-------------------------+-----------------+-------------------------+---------------------+-----------------------------+---------------------+-----------------------------+-------------------+---------------------------+
|   alpha |   seed |   semantic |   retrieval_coverage |   qa_coverage |   end_to_end_coverage |   retrieval_coverage_pac |   qa_coverage_pac |   end_to_end_coverage_pac |   TRAC_coverage |   TRAC_average_semantic |   Bonf_coverage |   Bonf_average_semantic |   PAC_Bonf_coverage |   PAC_Bonf_average_semantic |   PAC_TRAC_coverage |   PAC_TRAC_average_semantic |   Vanila_coverage |   Vanila_average_semantic |
|---------+--------+------------+----------------------+---------------+-----------------------+--------------------------+-------------------+---------------------------+-----------------+-------------------------+-----------------+-------------------------+---------------------+-----------------------------+---------------------+-----------------------------+-------------------+---------------------------|
|     0.1 |     30 |          0 |                 0.94 |          0.96 |                  0.91 |                     0.96 |              0.97 |                      0.94 |            0.96 |                   14.24 |            0.95 |                   15.63 |                0.96 |                       18.46 |                0.97 |                       16.54 |              0.66 |                      2.26 |
|     0.2 |     30 |          0 |                 0.89 |          0.91 |                  0.81 |                     0.91 |              0.92 |                      0.84 |            0.88 |                    9.54 |            0.89 |                    9.72 |                0.9  |                       11.33 |                0.91 |                       10.67 |              0.68 |                      2.26 |
|     0.3 |     30 |          0 |                 0.84 |          0.87 |                  0.73 |                     0.87 |              0.89 |                      0.77 |            0.82 |                    7.43 |            0.83 |                    7.66 |                0.85 |                        8.62 |                0.86 |                        8.46 |              0.67 |                      2.25 |
|     0.4 |     30 |          0 |                 0.8  |          0.82 |                  0.65 |                     0.82 |              0.84 |                      0.69 |            0.73 |                    5.7  |            0.78 |                    6.19 |                0.8  |                        6.8  |                0.78 |                        6.51 |              0.68 |                      2.24 |
|     0.5 |     30 |          0 |                 0.75 |          0.77 |                  0.58 |                     0.77 |              0.8  |                      0.62 |            0.67 |                    4.44 |            0.72 |                    4.96 |                0.76 |                        5.62 |                0.7  |                        5.05 |              0.68 |                      2.25 |
+---------+--------+------------+----------------------+---------------+-----------------------+--------------------------+-------------------+---------------------------+-----------------+-------------------------+-----------------+-------------------------+---------------------+-----------------------------+---------------------+-----------------------------+-------------------+---------------------------+
|   alpha |   retrieval_coverage |   qa_coverage |   retrieval_coverage_pac |   qa_coverage_pac |
|--------:|---------------------:|--------------:|-------------------------:|------------------:|
|    0.75 |                 0.75 |          0.77 |                     0.77 |              0.8  |
|    0.8  |                 0.8  |          0.82 |                     0.82 |              0.84 |
|    0.85 |                 0.84 |          0.87 |                     0.87 |              0.89 |
|    0.9  |                 0.89 |          0.91 |                     0.91 |              0.92 |
|    0.95 |                 0.94 |          0.96 |                     0.96 |              0.97 |

|   alpha |   Vanila_coverage |   TRAC_coverage |   Bonf_coverage |   PAC_Bonf_coverage |   PAC_TRAC_coverage |
|--------:|------------------:|----------------:|----------------:|--------------------:|--------------------:|
|     0.5 |              0.68 |            0.67 |            0.72 |                0.76 |                0.7  |
|     0.6 |              0.68 |            0.73 |            0.78 |                0.8  |                0.78 |
|     0.7 |              0.67 |            0.82 |            0.83 |                0.85 |                0.86 |
|     0.8 |              0.68 |            0.88 |            0.89 |                0.9  |                0.91 |
|     0.9 |              0.66 |            0.96 |            0.95 |                0.96 |                0.97 |

|   alpha |   Vanila_average_semantic |   TRAC_average_semantic |   Bonf_average_semantic |   PAC_Bonf_average_semantic |   PAC_TRAC_average_semantic |
|--------:|--------------------------:|------------------------:|------------------------:|----------------------------:|----------------------------:|
|     0.5 |                      2.25 |                    4.44 |                    4.96 |                        5.62 |                        5.05 |
|     0.6 |                      2.24 |                    5.7  |                    6.19 |                        6.8  |                        6.51 |
|     0.7 |                      2.25 |                    7.43 |                    7.66 |                        8.62 |                        8.46 |
|     0.8 |                      2.26 |                    9.54 |                    9.72 |                       11.33 |                       10.67 |
|     0.9 |                      2.26 |                   14.24 |                   15.63 |                       18.46 |                       16.54 |

Dataset: trivia
+---------+--------+------------+----------------------+---------------+-----------------------+--------------------------+-------------------+---------------------------+-----------------+-------------------------+-----------------+-------------------------+---------------------+-----------------------------+---------------------+-----------------------------+-------------------+---------------------------+
|   alpha |   seed |   semantic |   retrieval_coverage |   qa_coverage |   end_to_end_coverage |   retrieval_coverage_pac |   qa_coverage_pac |   end_to_end_coverage_pac |   TRAC_coverage |   TRAC_average_semantic |   Bonf_coverage |   Bonf_average_semantic |   PAC_Bonf_coverage |   PAC_Bonf_average_semantic |   PAC_TRAC_coverage |   PAC_TRAC_average_semantic |   Vanila_coverage |   Vanila_average_semantic |
|---------+--------+------------+----------------------+---------------+-----------------------+--------------------------+-------------------+---------------------------+-----------------+-------------------------+-----------------+-------------------------+---------------------+-----------------------------+---------------------+-----------------------------+-------------------+---------------------------|
|     0.1 |     30 |          0 |                 0.94 |          0.95 |                  0.9  |                     0.95 |              1    |                      0.95 |            0.96 |                   29.52 |            0.96 |                   29.87 |                0.98 |                      150.74 |                0.98 |                       32    |              0.85 |                     10.72 |
|     0.2 |     30 |          0 |                 0.89 |          0.91 |                  0.82 |                     0.91 |              0.94 |                      0.86 |            0.92 |                   12.06 |            0.92 |                   15.29 |                0.94 |                       24.86 |                0.93 |                       14.96 |              0.83 |                     10.72 |
|     0.3 |     30 |          0 |                 0.84 |          0.87 |                  0.74 |                     0.86 |              0.88 |                      0.77 |            0.87 |                    7.96 |            0.87 |                    9.79 |                0.89 |                       10.98 |                0.89 |                        9.14 |              0.84 |                     10.72 |
|     0.4 |     30 |          0 |                 0.79 |          0.81 |                  0.65 |                     0.81 |              0.84 |                      0.69 |            0.82 |                    5.56 |            0.8  |                    6.2  |                0.83 |                        7.27 |                0.84 |                        6.48 |              0.84 |                     10.72 |
|     0.5 |     30 |          0 |                 0.73 |          0.76 |                  0.56 |                     0.76 |              0.8  |                      0.61 |            0.76 |                    4.1  |            0.74 |                    4.31 |                0.77 |                        5.32 |                0.78 |                        4.74 |              0.84 |                     10.72 |
+---------+--------+------------+----------------------+---------------+-----------------------+--------------------------+-------------------+---------------------------+-----------------+-------------------------+-----------------+-------------------------+---------------------+-----------------------------+---------------------+-----------------------------+-------------------+---------------------------+
|   alpha |   retrieval_coverage |   qa_coverage |   retrieval_coverage_pac |   qa_coverage_pac |
|--------:|---------------------:|--------------:|-------------------------:|------------------:|
|    0.75 |                 0.73 |          0.76 |                     0.76 |              0.8  |
|    0.8  |                 0.79 |          0.81 |                     0.81 |              0.84 |
|    0.85 |                 0.84 |          0.87 |                     0.86 |              0.88 |
|    0.9  |                 0.89 |          0.91 |                     0.91 |              0.94 |
|    0.95 |                 0.94 |          0.95 |                     0.95 |              1    |

|   alpha |   Vanila_coverage |   TRAC_coverage |   Bonf_coverage |   PAC_Bonf_coverage |   PAC_TRAC_coverage |
|--------:|------------------:|----------------:|----------------:|--------------------:|--------------------:|
|     0.5 |              0.84 |            0.76 |            0.74 |                0.77 |                0.78 |
|     0.6 |              0.84 |            0.82 |            0.8  |                0.83 |                0.84 |
|     0.7 |              0.84 |            0.87 |            0.87 |                0.89 |                0.89 |
|     0.8 |              0.83 |            0.92 |            0.92 |                0.94 |                0.93 |
|     0.9 |              0.85 |            0.96 |            0.96 |                0.98 |                0.98 |

|   alpha |   Vanila_average_semantic |   TRAC_average_semantic |   Bonf_average_semantic |   PAC_Bonf_average_semantic |   PAC_TRAC_average_semantic |
|--------:|--------------------------:|------------------------:|------------------------:|----------------------------:|----------------------------:|
|     0.5 |                     10.72 |                    4.1  |                    4.31 |                        5.32 |                        4.74 |
|     0.6 |                     10.72 |                    5.56 |                    6.2  |                        7.27 |                        6.48 |
|     0.7 |                     10.72 |                    7.96 |                    9.79 |                       10.98 |                        9.14 |
|     0.8 |                     10.72 |                   12.06 |                   15.29 |                       24.86 |                       14.96 |
|     0.9 |                     10.72 |                   29.52 |                   29.87 |                      150.74 |                       32    |

Dataset: squad1
+---------+--------+------------+----------------------+---------------+-----------------------+--------------------------+-------------------+---------------------------+-----------------+-------------------------+-----------------+-------------------------+---------------------+-----------------------------+---------------------+-----------------------------+-------------------+---------------------------+
|   alpha |   seed |   semantic |   retrieval_coverage |   qa_coverage |   end_to_end_coverage |   retrieval_coverage_pac |   qa_coverage_pac |   end_to_end_coverage_pac |   TRAC_coverage |   TRAC_average_semantic |   Bonf_coverage |   Bonf_average_semantic |   PAC_Bonf_coverage |   PAC_Bonf_average_semantic |   PAC_TRAC_coverage |   PAC_TRAC_average_semantic |   Vanila_coverage |   Vanila_average_semantic |
|---------+--------+------------+----------------------+---------------+-----------------------+--------------------------+-------------------+---------------------------+-----------------+-------------------------+-----------------+-------------------------+---------------------+-----------------------------+---------------------+-----------------------------+-------------------+---------------------------|
|     0.1 |     30 |          0 |                 0.94 |          0.94 |                  0.89 |                     0.96 |              0.96 |                      0.93 |            0.93 |                   12.97 |            0.92 |                   15.66 |                0.96 |                       19.96 |                0.95 |                       16.54 |              0.51 |                      2.8  |
|     0.2 |     30 |          0 |                 0.89 |          0.9  |                  0.8  |                     0.92 |              0.92 |                      0.84 |            0.86 |                    8.77 |            0.85 |                    9.62 |                0.88 |                       11.69 |                0.9  |                       10.17 |              0.5  |                      2.79 |
|     0.3 |     30 |          0 |                 0.84 |          0.84 |                  0.71 |                     0.87 |              0.88 |                      0.77 |            0.79 |                    6.5  |            0.8  |                    7.14 |                0.83 |                        8.55 |                0.81 |                        7.65 |              0.52 |                      2.8  |
|     0.4 |     30 |          0 |                 0.79 |          0.8  |                  0.63 |                     0.83 |              0.83 |                      0.69 |            0.72 |                    5.01 |            0.73 |                    5.71 |                0.76 |                        6.62 |                0.75 |                        5.97 |              0.51 |                      2.78 |
|     0.5 |     30 |          0 |                 0.74 |          0.75 |                  0.56 |                     0.78 |              0.78 |                      0.61 |            0.65 |                    3.74 |            0.65 |                    4.5  |                0.72 |                        5.38 |                0.7  |                        4.38 |              0.5  |                      2.8  |
+---------+--------+------------+----------------------+---------------+-----------------------+--------------------------+-------------------+---------------------------+-----------------+-------------------------+-----------------+-------------------------+---------------------+-----------------------------+---------------------+-----------------------------+-------------------+---------------------------+
|   alpha |   retrieval_coverage |   qa_coverage |   retrieval_coverage_pac |   qa_coverage_pac |
|--------:|---------------------:|--------------:|-------------------------:|------------------:|
|    0.75 |                 0.74 |          0.75 |                     0.78 |              0.78 |
|    0.8  |                 0.79 |          0.8  |                     0.83 |              0.83 |
|    0.85 |                 0.84 |          0.84 |                     0.87 |              0.88 |
|    0.9  |                 0.89 |          0.9  |                     0.92 |              0.92 |
|    0.95 |                 0.94 |          0.94 |                     0.96 |              0.96 |

|   alpha |   Vanila_coverage |   TRAC_coverage |   Bonf_coverage |   PAC_Bonf_coverage |   PAC_TRAC_coverage |
|--------:|------------------:|----------------:|----------------:|--------------------:|--------------------:|
|     0.5 |              0.5  |            0.65 |            0.65 |                0.72 |                0.7  |
|     0.6 |              0.51 |            0.72 |            0.73 |                0.76 |                0.75 |
|     0.7 |              0.52 |            0.79 |            0.8  |                0.83 |                0.81 |
|     0.8 |              0.5  |            0.86 |            0.85 |                0.88 |                0.9  |
|     0.9 |              0.51 |            0.93 |            0.92 |                0.96 |                0.95 |

|   alpha |   Vanila_average_semantic |   TRAC_average_semantic |   Bonf_average_semantic |   PAC_Bonf_average_semantic |   PAC_TRAC_average_semantic |
|--------:|--------------------------:|------------------------:|------------------------:|----------------------------:|----------------------------:|
|     0.5 |                      2.8  |                    3.74 |                    4.5  |                        5.38 |                        4.38 |
|     0.6 |                      2.78 |                    5.01 |                    5.71 |                        6.62 |                        5.97 |
|     0.7 |                      2.8  |                    6.5  |                    7.14 |                        8.55 |                        7.65 |
|     0.8 |                      2.79 |                    8.77 |                    9.62 |                       11.69 |                       10.17 |
|     0.9 |                      2.8  |                   12.97 |                   15.66 |                       19.96 |                       16.54 |

